Using pre-set license
Pro License: NO

 COMMAND LINE ARGUMENTS:
/Applications/Unity/Hub/Editor/2021.1.16f1/Unity.app/Contents/MacOS/Unity
-adb2
-batchMode
-noUpm
-name
AssetImportWorker0
-projectPath
/Users/estheroe/Documents/unity/Gitub/VaccinateAfrica
-logFile
Logs/AssetImportWorker0.log
-srvPort
58101
Successfully changed project path to: /Users/estheroe/Documents/unity/Gitub/VaccinateAfrica
/Users/estheroe/Documents/unity/Gitub/VaccinateAfrica
Using Asset Import Pipeline V2.
Refreshing native plugins compatible for Editor in 74.41 ms, found 2 plugins.
Preloading 0 native plugins for Editor in 0.00 ms.
Initialize engine version: 2021.1.16f1 (5fa502fca597)
[Subsystems] Discovering subsystems at path /Applications/Unity/Hub/Editor/2021.1.16f1/Unity.app/Contents/Resources/UnitySubsystems
[Subsystems] Discovering subsystems at path /Users/estheroe/Documents/unity/Gitub/VaccinateAfrica/Assets
GfxDevice: creating device client; threaded=0; jobified=0
2022-04-13 17:52:30.495 Unity[84689:2071325] (null) preferred device: Apple M1 (high power)
2022-04-13 17:52:30.495 Unity[84689:2071325] Metal devices available: 1
2022-04-13 17:52:30.495 Unity[84689:2071325] 0: Apple M1 (high power)
2022-04-13 17:52:30.496 Unity[84689:2071325] Using device Apple M1 (high power)
Initializing Metal device caps: Apple M1
Initialize mono
Mono path[0] = '/Applications/Unity/Hub/Editor/2021.1.16f1/Unity.app/Contents/Managed'
Mono path[1] = '/Applications/Unity/Hub/Editor/2021.1.16f1/Unity.app/Contents/MonoBleedingEdge/lib/mono/unityjit'
Mono config path = '/Applications/Unity/Hub/Editor/2021.1.16f1/Unity.app/Contents/MonoBleedingEdge/etc'
Using monoOptions --debugger-agent=transport=dt_socket,embedding=1,server=y,suspend=n,address=127.0.0.1:56689
Begin MonoManager ReloadAssembly
Registering precompiled unity dll's ...
Register platform support module: /Applications/Unity/Hub/Editor/2021.1.16f1/Unity.app/Contents/PlaybackEngines/MacStandaloneSupport/UnityEditor.OSXStandalone.Extensions.dll
Registered in 0.001062 seconds.
Native extension for OSXStandalone target not found
Refreshing native plugins compatible for Editor in 33.23 ms, found 2 plugins.
Preloading 0 native plugins for Editor in 0.00 ms.
Mono: successfully reloaded assembly
- Completed reload, in  3.208 seconds
Domain Reload Profiling:
	ReloadAssembly (3208ms)
		BeginReloadAssembly (139ms)
			ExecutionOrderSort (0ms)
			DisableScriptedObjects (0ms)
			BackupInstance (0ms)
			ReleaseScriptingObjects (0ms)
			CreateAndSetChildDomain (2ms)
		EndReloadAssembly (838ms)
			LoadAssemblies (137ms)
			RebuildTransferFunctionScriptingTraits (1ms)
			SetupTypeCache (202ms)
			ReleaseScriptCaches (0ms)
			RebuildScriptCaches (38ms)
			SetupLoadedEditorAssemblies (482ms)
				LogAssemblyErrors (0ms)
				InitializePlatformSupportModulesInManaged (15ms)
				SetLoadedEditorAssemblies (0ms)
				RefreshPlugins (33ms)
				BeforeProcessingInitializeOnLoad (5ms)
				ProcessInitializeOnLoadAttributes (335ms)
				ProcessInitializeOnLoadMethodAttributes (92ms)
				AfterProcessingInitializeOnLoad (0ms)
				EditorAssembliesLoaded (1ms)
			ExecutionOrderSort2 (0ms)
			AwakeInstancesAfterBackupRestoration (0ms)
Platform modules already initialized, skipping
Registering precompiled user dll's ...
Registered in 0.002946 seconds.
Begin MonoManager ReloadAssembly
Native extension for OSXStandalone target not found
Refreshing native plugins compatible for Editor in 0.35 ms, found 2 plugins.
Preloading 0 native plugins for Editor in 0.00 ms.
Mono: successfully reloaded assembly
- Completed reload, in  2.667 seconds
Domain Reload Profiling:
	ReloadAssembly (2668ms)
		BeginReloadAssembly (247ms)
			ExecutionOrderSort (0ms)
			DisableScriptedObjects (30ms)
			BackupInstance (0ms)
			ReleaseScriptingObjects (0ms)
			CreateAndSetChildDomain (34ms)
		EndReloadAssembly (2323ms)
			LoadAssemblies (164ms)
			RebuildTransferFunctionScriptingTraits (0ms)
			SetupTypeCache (333ms)
			ReleaseScriptCaches (0ms)
			RebuildScriptCaches (52ms)
			SetupLoadedEditorAssemblies (1561ms)
				LogAssemblyErrors (0ms)
				InitializePlatformSupportModulesInManaged (13ms)
				SetLoadedEditorAssemblies (2ms)
				RefreshPlugins (0ms)
				BeforeProcessingInitializeOnLoad (69ms)
				ProcessInitializeOnLoadAttributes (1462ms)
				ProcessInitializeOnLoadMethodAttributes (14ms)
				AfterProcessingInitializeOnLoad (1ms)
				EditorAssembliesLoaded (0ms)
			ExecutionOrderSort2 (0ms)
			AwakeInstancesAfterBackupRestoration (31ms)
Platform modules already initialized, skipping
========================================================================
Worker process is ready to serve import requests
Launching external process: /Applications/Unity/Hub/Editor/2021.1.16f1/Unity.app/Contents/Tools/UnityShaderCompiler
Launched and connected shader compiler UnityShaderCompiler after 0.21 seconds
Refreshing native plugins compatible for Editor in 0.35 ms, found 2 plugins.
Preloading 0 native plugins for Editor in 0.00 ms.
Unloading 1475 Unused Serialized files (Serialized files now loaded: 0)
System memory in use before: 232.5 MB.
System memory in use after: 232.6 MB.

Unloading 18 unused Assets to reduce memory usage. Loaded Objects now: 1925.
Total: 3.479416 ms (FindLiveObjects: 0.077792 ms CreateObjectMapping: 0.028583 ms MarkObjects: 3.314666 ms  DeleteObjects: 0.057459 ms)

AssetImportParameters requested are different than current active one (requested -> active):
  custom:video-decoder-ogg-theora: a1e56fd34408186e4bbccfd4996cb3dc -> 
  custom:container-muxer-webm: aa71ff27fc2769a1b78a27578f13a17b -> 
  custom:container-demuxer-webm: 4f35f7cbe854078d1ac9338744f61a02 -> 
  custom:container-demuxer-ogg: 62fdf1f143b41e24485cea50d1cbac27 -> 
  custom:video-encoder-webm-vp8: eb34c28f22e8b96e1ab97ce403110664 -> 
  custom:framework-osx-AVFoundation: e770b220cccbd017edd2c1fefb359320 -> 
  custom:video-decoder-webm-vp8: 9c59270c3fd7afecdb556c50c9e8de78 -> 
  custom:audio-decoder-ogg-vorbis: bf7c407c2cedff20999df2af8eb42d56 -> 
  custom:audio-encoder-webm-vorbis: bf7c407c2cedff20999df2af8eb42d56 -> 
========================================================================
Received Import Request.
  path: Assets/Materials/reward.jpg
  artifactKey: Guid(ba9f93b63ee63ab4688f583d44fd9c0b) Importer(815301076,1909f56bfc062723c751e8b465ee728b)
Start importing Assets/Materials/reward.jpg using Guid(ba9f93b63ee63ab4688f583d44fd9c0b) Importer(815301076,1909f56bfc062723c751e8b465ee728b)  -> (artifact id: 'b6b86b608b6db34b14aa65d1838d8b2c') in 0.582164 seconds 
========================================================================
Received Import Request.
  Time since last request: 22.429864 seconds.
  path: Assets/Sprite
  artifactKey: Guid(44f921af2224942f6b87fa06d8720247) Importer(815301076,1909f56bfc062723c751e8b465ee728b)
Start importing Assets/Sprite using Guid(44f921af2224942f6b87fa06d8720247) Importer(815301076,1909f56bfc062723c751e8b465ee728b)  -> (artifact id: '776e10b68d66c75241044c81260fe7a7') in 0.001074 seconds 
========================================================================
Received Import Request.
  Time since last request: 1.160864 seconds.
  path: Assets/Sprite/2D
  artifactKey: Guid(5095bbe6df65d4d53979879876c0e5ad) Importer(815301076,1909f56bfc062723c751e8b465ee728b)
Start importing Assets/Sprite/2D using Guid(5095bbe6df65d4d53979879876c0e5ad) Importer(815301076,1909f56bfc062723c751e8b465ee728b)  -> (artifact id: '110ddd0c9295742fe4690d6a6cc05fe8') in 0.006169 seconds 
========================================================================
Received Import Request.
  Time since last request: 0.095815 seconds.
  path: Assets/Sprite/2D/maliyo games.jpg
  artifactKey: Guid(eeebfcea0beb247d4be5ca3e93b0102a) Importer(815301076,1909f56bfc062723c751e8b465ee728b)
Start importing Assets/Sprite/2D/maliyo games.jpg using Guid(eeebfcea0beb247d4be5ca3e93b0102a) Importer(815301076,1909f56bfc062723c751e8b465ee728b)  -> (artifact id: '53a9cc90c9598cf83b656e0666c611fd') in 0.093965 seconds 
========================================================================
Received Import Request.
  Time since last request: 0.000160 seconds.
  path: Assets/Sprite/2D/Screenshot 2022-04-07 at 14.34.55.png
  artifactKey: Guid(e1d6c39d432f1435996d50fbfcd7f078) Importer(815301076,1909f56bfc062723c751e8b465ee728b)
Start importing Assets/Sprite/2D/Screenshot 2022-04-07 at 14.34.55.png using Guid(e1d6c39d432f1435996d50fbfcd7f078) Importer(815301076,1909f56bfc062723c751e8b465ee728b)  -> (artifact id: 'ffc71a8d98df454005fc7ab7021a4635') in 0.550961 seconds 
========================================================================
Received Import Request.
  Time since last request: 2.910227 seconds.
  path: Assets/Sprite/2D/UI
  artifactKey: Guid(e476829ec61694fbb9025cbebe600025) Importer(815301076,1909f56bfc062723c751e8b465ee728b)
Start importing Assets/Sprite/2D/UI using Guid(e476829ec61694fbb9025cbebe600025) Importer(815301076,1909f56bfc062723c751e8b465ee728b)  -> (artifact id: 'e8aed38603c3032073cb4310fb608029') in 0.001397 seconds 
========================================================================
Received Import Request.
  Time since last request: 0.101374 seconds.
  path: Assets/Sprite/2D/UI/boat_goafrica.jpg
  artifactKey: Guid(ce3f254130dd471458a17e49c2ed534e) Importer(815301076,1909f56bfc062723c751e8b465ee728b)
Start importing Assets/Sprite/2D/UI/boat_goafrica.jpg using Guid(ce3f254130dd471458a17e49c2ed534e) Importer(815301076,1909f56bfc062723c751e8b465ee728b)  -> (artifact id: '971972dac06685ba31b438381b6f47fe') in 0.021421 seconds 
========================================================================
Received Import Request.
  Time since last request: 0.000221 seconds.
  path: Assets/Sprite/2D/UI/Logo.png
  artifactKey: Guid(3400b92beb9f77c4e919dbdb39e9ec8c) Importer(815301076,1909f56bfc062723c751e8b465ee728b)
Start importing Assets/Sprite/2D/UI/Logo.png using Guid(3400b92beb9f77c4e919dbdb39e9ec8c) Importer(815301076,1909f56bfc062723c751e8b465ee728b)  -> (artifact id: '97471f2e56acdb2cfd10daccfeffac0f') in 0.016569 seconds 
========================================================================
Received Import Request.
  Time since last request: 29.898535 seconds.
  path: Assets/Scenes
  artifactKey: Guid(2e03fb58d9c5843c4a9c02d40bc8beb6) Importer(815301076,1909f56bfc062723c751e8b465ee728b)
Start importing Assets/Scenes using Guid(2e03fb58d9c5843c4a9c02d40bc8beb6) Importer(815301076,1909f56bfc062723c751e8b465ee728b)  -> (artifact id: '3df15edcbc4526bb61c53f5f3473e1c7') in 0.001360 seconds 
========================================================================
Received Import Request.
  Time since last request: 25.705218 seconds.
  path: Assets/Scenes/InfroScene.unity
  artifactKey: Guid(5274b99beab7a4161bab4afea7697ef7) Importer(815301076,1909f56bfc062723c751e8b465ee728b)
Start importing Assets/Scenes/InfroScene.unity using Guid(5274b99beab7a4161bab4afea7697ef7) Importer(815301076,1909f56bfc062723c751e8b465ee728b)  -> (artifact id: 'ddb01f8cfe4df72bc51301fee94d5ec8') in 0.002315 seconds 
========================================================================
Received Import Request.
  Time since last request: 1356.587860 seconds.
  path: Assets/Scenes/MainScene.unity
  artifactKey: Guid(8e6514b80aba54229926d77ae7b5b2b6) Importer(815301076,1909f56bfc062723c751e8b465ee728b)
Start importing Assets/Scenes/MainScene.unity using Guid(8e6514b80aba54229926d77ae7b5b2b6) Importer(815301076,1909f56bfc062723c751e8b465ee728b)  -> (artifact id: 'cb2d88258f7fd4179afa2d02609424b9') in 0.007307 seconds 
========================================================================
Received Import Request.
  Time since last request: 278.512757 seconds.
  path: Assets/Scenes/GameLevelScene.unity
  artifactKey: Guid(65832f19cf73fe44e869ba203942ec2f) Importer(815301076,1909f56bfc062723c751e8b465ee728b)
Start importing Assets/Scenes/GameLevelScene.unity using Guid(65832f19cf73fe44e869ba203942ec2f) Importer(815301076,1909f56bfc062723c751e8b465ee728b)  -> (artifact id: 'a527c85f03032ccbb562495e01c4cb4e') in 0.005652 seconds 
