Using pre-set license
Built from '2021.1/release' branch; Version is '2021.1.16f1 (5fa502fca597) revision 6268162'; Using compiler version '192528614'; Build Type 'Release'
OS: 'Windows 10 Pro; OS build 19044.1586; Version 2009; 64bit' Language: 'en' Physical Memory: 3977 MB
BatchMode: 1, IsHumanControllingUs: 0, StartBugReporterOnCrash: 0, Is64bit: 1, IsPro: 0

 COMMAND LINE ARGUMENTS:
C:\Program Files\Unity 2021.1.16f1\Editor\Unity.exe
-adb2
-batchMode
-noUpm
-name
AssetImportWorker0
-projectPath
C:/Users/HP/Documents/mali/vv/Vaccinate
-logFile
Logs/AssetImportWorker0.log
-srvPort
64096
Successfully changed project path to: C:/Users/HP/Documents/mali/vv/Vaccinate
C:/Users/HP/Documents/mali/vv/Vaccinate
Using Asset Import Pipeline V2.
Refreshing native plugins compatible for Editor in 292.39 ms, found 2 plugins.
Preloading 0 native plugins for Editor in 0.00 ms.
Initialize engine version: 2021.1.16f1 (5fa502fca597)
[Subsystems] Discovering subsystems at path C:/Program Files/Unity 2021.1.16f1/Editor/Data/Resources/UnitySubsystems
[Subsystems] Discovering subsystems at path C:/Users/HP/Documents/mali/vv/Vaccinate/Assets
GfxDevice: creating device client; threaded=0; jobified=0
Direct3D:
    Version:  Direct3D 11.0 [level 11.1]
    Renderer: Intel(R) HD Graphics 5000 (ID=0xa26)
    Vendor:   Intel
    VRAM:     1988 MB
    Driver:   20.19.15.5126
Initialize mono
Mono path[0] = 'C:/Program Files/Unity 2021.1.16f1/Editor/Data/Managed'
Mono path[1] = 'C:/Program Files/Unity 2021.1.16f1/Editor/Data/MonoBleedingEdge/lib/mono/unityjit'
Mono config path = 'C:/Program Files/Unity 2021.1.16f1/Editor/Data/MonoBleedingEdge/etc'
Using monoOptions --debugger-agent=transport=dt_socket,embedding=1,server=y,suspend=n,address=127.0.0.1:56524
Begin MonoManager ReloadAssembly
Registering precompiled unity dll's ...
Register platform support module: C:/Program Files/Unity 2021.1.16f1/Editor/Data/PlaybackEngines/WindowsStandaloneSupport/UnityEditor.WindowsStandalone.Extensions.dll
Registered in 0.005331 seconds.
Native extension for WindowsStandalone target not found
Refreshing native plugins compatible for Editor in 67.30 ms, found 2 plugins.
Preloading 0 native plugins for Editor in 0.00 ms.
Mono: successfully reloaded assembly
- Completed reload, in  4.414 seconds
Domain Reload Profiling:
	ReloadAssembly (4415ms)
		BeginReloadAssembly (296ms)
			ExecutionOrderSort (0ms)
			DisableScriptedObjects (0ms)
			BackupInstance (0ms)
			ReleaseScriptingObjects (0ms)
			CreateAndSetChildDomain (2ms)
		EndReloadAssembly (707ms)
			LoadAssemblies (290ms)
			RebuildTransferFunctionScriptingTraits (1ms)
			SetupTypeCache (315ms)
			ReleaseScriptCaches (0ms)
			RebuildScriptCaches (39ms)
			SetupLoadedEditorAssemblies (248ms)
				LogAssemblyErrors (0ms)
				InitializePlatformSupportModulesInManaged (9ms)
				SetLoadedEditorAssemblies (0ms)
				RefreshPlugins (67ms)
				BeforeProcessingInitializeOnLoad (2ms)
				ProcessInitializeOnLoadAttributes (129ms)
				ProcessInitializeOnLoadMethodAttributes (40ms)
				AfterProcessingInitializeOnLoad (0ms)
				EditorAssembliesLoaded (1ms)
			ExecutionOrderSort2 (0ms)
			AwakeInstancesAfterBackupRestoration (0ms)
Platform modules already initialized, skipping
Registering precompiled user dll's ...
Registered in 0.028254 seconds.
Begin MonoManager ReloadAssembly
Native extension for WindowsStandalone target not found
Refreshing native plugins compatible for Editor in 0.43 ms, found 2 plugins.
Preloading 0 native plugins for Editor in 0.00 ms.
Mono: successfully reloaded assembly
- Completed reload, in  2.089 seconds
Domain Reload Profiling:
	ReloadAssembly (2090ms)
		BeginReloadAssembly (418ms)
			ExecutionOrderSort (0ms)
			DisableScriptedObjects (7ms)
			BackupInstance (0ms)
			ReleaseScriptingObjects (0ms)
			CreateAndSetChildDomain (46ms)
		EndReloadAssembly (1552ms)
			LoadAssemblies (353ms)
			RebuildTransferFunctionScriptingTraits (0ms)
			SetupTypeCache (478ms)
			ReleaseScriptCaches (1ms)
			RebuildScriptCaches (113ms)
			SetupLoadedEditorAssemblies (574ms)
				LogAssemblyErrors (0ms)
				InitializePlatformSupportModulesInManaged (10ms)
				SetLoadedEditorAssemblies (0ms)
				RefreshPlugins (0ms)
				BeforeProcessingInitializeOnLoad (61ms)
				ProcessInitializeOnLoadAttributes (487ms)
				ProcessInitializeOnLoadMethodAttributes (6ms)
				AfterProcessingInitializeOnLoad (9ms)
				EditorAssembliesLoaded (0ms)
			ExecutionOrderSort2 (0ms)
			AwakeInstancesAfterBackupRestoration (10ms)
Platform modules already initialized, skipping
========================================================================
Worker process is ready to serve import requests
Launched and connected shader compiler UnityShaderCompiler.exe after 0.11 seconds
Refreshing native plugins compatible for Editor in 0.90 ms, found 2 plugins.
Preloading 0 native plugins for Editor in 0.00 ms.
Unloading 1472 Unused Serialized files (Serialized files now loaded: 0)
System memory in use before: 71.0 MB.
System memory in use after: 71.1 MB.

Unloading 18 unused Assets to reduce memory usage. Loaded Objects now: 1922.
Total: 4.588700 ms (FindLiveObjects: 0.240100 ms CreateObjectMapping: 0.105300 ms MarkObjects: 4.151100 ms  DeleteObjects: 0.089500 ms)

AssetImportParameters requested are different than current active one (requested -> active):
  custom:framework-win-MediaFoundation: 216162199b28c13a410421893ffa2e32 -> 
  custom:video-decoder-ogg-theora: a1e56fd34408186e4bbccfd4996cb3dc -> 
  custom:container-muxer-webm: aa71ff27fc2769a1b78a27578f13a17b -> 
  custom:container-demuxer-webm: 4f35f7cbe854078d1ac9338744f61a02 -> 
  custom:container-demuxer-ogg: 62fdf1f143b41e24485cea50d1cbac27 -> 
  custom:video-encoder-webm-vp8: eb34c28f22e8b96e1ab97ce403110664 -> 
  custom:video-decoder-webm-vp8: 9c59270c3fd7afecdb556c50c9e8de78 -> 
  custom:audio-decoder-ogg-vorbis: bf7c407c2cedff20999df2af8eb42d56 -> 
  custom:audio-encoder-webm-vorbis: bf7c407c2cedff20999df2af8eb42d56 -> 
========================================================================
Received Import Request.
  path: Assets/Scenes/GameScene.unity
  artifactKey: Guid(bd74515299fda2849924265bdda1a8a9) Importer(815301076,1909f56bfc062723c751e8b465ee728b)
Start importing Assets/Scenes/GameScene.unity using Guid(bd74515299fda2849924265bdda1a8a9) Importer(815301076,1909f56bfc062723c751e8b465ee728b)  -> (artifact id: '7b7db7bef110a5e9363825dbe4fcb5cc') in 0.013783 seconds 
========================================================================
Received Import Request.
  Time since last request: 76.239504 seconds.
  path: Assets/Scenes/GameLevelScene.unity
  artifactKey: Guid(65832f19cf73fe44e869ba203942ec2f) Importer(815301076,1909f56bfc062723c751e8b465ee728b)
Start importing Assets/Scenes/GameLevelScene.unity using Guid(65832f19cf73fe44e869ba203942ec2f) Importer(815301076,1909f56bfc062723c751e8b465ee728b)  -> (artifact id: 'a284ca8de23069cb1ddc5304d1fd1e72') in 0.004689 seconds 
========================================================================
Received Import Request.
  Time since last request: 8.865159 seconds.
  path: Assets/Scenes/InfroScene.unity
  artifactKey: Guid(5274b99beab7a4161bab4afea7697ef7) Importer(815301076,1909f56bfc062723c751e8b465ee728b)
Start importing Assets/Scenes/InfroScene.unity using Guid(5274b99beab7a4161bab4afea7697ef7) Importer(815301076,1909f56bfc062723c751e8b465ee728b)  -> (artifact id: '5088ad82ae992f76f5ad7fbd914bdd68') in 0.008870 seconds 
========================================================================
Received Prepare
Registering precompiled user dll's ...
Registered in 0.028045 seconds.
Begin MonoManager ReloadAssembly
Native extension for WindowsStandalone target not found
Refreshing native plugins compatible for Editor in 0.48 ms, found 2 plugins.
Preloading 0 native plugins for Editor in 0.00 ms.
Mono: successfully reloaded assembly
- Completed reload, in  2.918 seconds
Domain Reload Profiling:
	ReloadAssembly (2918ms)
		BeginReloadAssembly (153ms)
			ExecutionOrderSort (0ms)
			DisableScriptedObjects (6ms)
			BackupInstance (0ms)
			ReleaseScriptingObjects (0ms)
			CreateAndSetChildDomain (45ms)
		EndReloadAssembly (2674ms)
			LoadAssemblies (118ms)
			RebuildTransferFunctionScriptingTraits (0ms)
			SetupTypeCache (362ms)
			ReleaseScriptCaches (1ms)
			RebuildScriptCaches (49ms)
			SetupLoadedEditorAssemblies (2007ms)
				LogAssemblyErrors (0ms)
				InitializePlatformSupportModulesInManaged (6ms)
				SetLoadedEditorAssemblies (0ms)
				RefreshPlugins (1ms)
				BeforeProcessingInitializeOnLoad (54ms)
				ProcessInitializeOnLoadAttributes (1930ms)
				ProcessInitializeOnLoadMethodAttributes (6ms)
				AfterProcessingInitializeOnLoad (9ms)
				EditorAssembliesLoaded (0ms)
			ExecutionOrderSort2 (0ms)
			AwakeInstancesAfterBackupRestoration (8ms)
Platform modules already initialized, skipping
Switching build target platform(19) subTarget(0) extendedPlatform(0) -> platform(13) subTarget(537395200) extendedPlatform(0)
Refreshing native plugins compatible for Editor in 0.42 ms, found 2 plugins.
Preloading 0 native plugins for Editor in 0.00 ms.
Unloading 1457 Unused Serialized files (Serialized files now loaded: 0)
System memory in use before: 69.7 MB.
System memory in use after: 69.8 MB.

Unloading 13 unused Assets to reduce memory usage. Loaded Objects now: 1925.
Total: 4.259600 ms (FindLiveObjects: 0.193100 ms CreateObjectMapping: 0.119700 ms MarkObjects: 3.926600 ms  DeleteObjects: 0.018800 ms)

AssetImportParameters requested are different than current active one (requested -> active):
  custom:framework-win-MediaFoundation: 216162199b28c13a410421893ffa2e32 -> 
  custom:video-decoder-ogg-theora: a1e56fd34408186e4bbccfd4996cb3dc -> 
  custom:container-muxer-webm: aa71ff27fc2769a1b78a27578f13a17b -> 
  custom:container-demuxer-webm: 4f35f7cbe854078d1ac9338744f61a02 -> 
  custom:container-demuxer-ogg: 62fdf1f143b41e24485cea50d1cbac27 -> 
  custom:video-encoder-webm-vp8: eb34c28f22e8b96e1ab97ce403110664 -> 
  custom:video-decoder-webm-vp8: 9c59270c3fd7afecdb556c50c9e8de78 -> 
  custom:graphics/normal-map-encoding: 01000000000000000000000000000000 -> 02000000000000000000000000000000
  custom:audio-decoder-ogg-vorbis: bf7c407c2cedff20999df2af8eb42d56 -> 
  custom:audio-encoder-webm-vorbis: bf7c407c2cedff20999df2af8eb42d56 -> 
========================================================================
Received Import Request.
  Time since last request: 191.877179 seconds.
  path: Assets/Scenes/Tutorial.unity
  artifactKey: Guid(bbfbcd1cb80994e558cf8421c154612e) Importer(815301076,1909f56bfc062723c751e8b465ee728b)
Start importing Assets/Scenes/Tutorial.unity using Guid(bbfbcd1cb80994e558cf8421c154612e) Importer(815301076,1909f56bfc062723c751e8b465ee728b)  -> (artifact id: '851a71b151e44c62c87bc1de001f899a') in 0.028872 seconds 
========================================================================
Received Import Request.
  Time since last request: 958.808432 seconds.
  path: Assets/Materials/ImportedMaterial/images__12_-removebg-preview (1).png
  artifactKey: Guid(f6a84b66e481ccb45bfb94529f8dfc59) Importer(815301076,1909f56bfc062723c751e8b465ee728b)
Start importing Assets/Materials/ImportedMaterial/images__12_-removebg-preview (1).png using Guid(f6a84b66e481ccb45bfb94529f8dfc59) Importer(815301076,1909f56bfc062723c751e8b465ee728b)  -> (artifact id: '1577c9774107cdabe20106ff90fdc966') in 1.413051 seconds 
========================================================================
Received Import Request.
  Time since last request: 1.173850 seconds.
  path: Assets/Materials/ImportedMaterial/images__12_-removebg-preview.png
  artifactKey: Guid(d5317ee00090ad4468530592fbaf7b24) Importer(815301076,1909f56bfc062723c751e8b465ee728b)
Start importing Assets/Materials/ImportedMaterial/images__12_-removebg-preview.png using Guid(d5317ee00090ad4468530592fbaf7b24) Importer(815301076,1909f56bfc062723c751e8b465ee728b)  -> (artifact id: '28e283cc3abaab9c639465b59f9b0d86') in 0.052427 seconds 
========================================================================
Received Import Request.
  Time since last request: 12.358640 seconds.
  path: Assets/Materials/ImportedMaterial/images__10_-removebg-preview.png
  artifactKey: Guid(e6f47b106f44e1c46b8a438473697f10) Importer(815301076,1909f56bfc062723c751e8b465ee728b)
Start importing Assets/Materials/ImportedMaterial/images__10_-removebg-preview.png using Guid(e6f47b106f44e1c46b8a438473697f10) Importer(815301076,1909f56bfc062723c751e8b465ee728b)  -> (artifact id: '13f3a2e1b1a6224d03caea958d59a16c') in 0.054918 seconds 
========================================================================
Received Import Request.
  Time since last request: 6.366810 seconds.
  path: Assets/Materials/ImportedMaterial/images__10_-removebg-preview.png
  artifactKey: Guid(e6f47b106f44e1c46b8a438473697f10) Importer(815301076,1909f56bfc062723c751e8b465ee728b)
Start importing Assets/Materials/ImportedMaterial/images__10_-removebg-preview.png using Guid(e6f47b106f44e1c46b8a438473697f10) Importer(815301076,1909f56bfc062723c751e8b465ee728b)  -> (artifact id: '564e8c50818b32af0d4f41b581173982') in 0.308366 seconds 
========================================================================
Received Import Request.
  Time since last request: 6.836090 seconds.
  path: Assets/Materials/ImportedMaterial/images__12_-removebg-preview.png
  artifactKey: Guid(d5317ee00090ad4468530592fbaf7b24) Importer(815301076,1909f56bfc062723c751e8b465ee728b)
Start importing Assets/Materials/ImportedMaterial/images__12_-removebg-preview.png using Guid(d5317ee00090ad4468530592fbaf7b24) Importer(815301076,1909f56bfc062723c751e8b465ee728b)  -> (artifact id: '757f4e2475f9c1384db2ac7b6ad2be30') in 0.057554 seconds 
========================================================================
Received Import Request.
  Time since last request: 67.928326 seconds.
  path: Assets/Scenes/GameScene.unity
  artifactKey: Guid(bd74515299fda2849924265bdda1a8a9) Importer(815301076,1909f56bfc062723c751e8b465ee728b)
Start importing Assets/Scenes/GameScene.unity using Guid(bd74515299fda2849924265bdda1a8a9) Importer(815301076,1909f56bfc062723c751e8b465ee728b)  -> (artifact id: '93cd3dd1e1eb25f385e25a3f06c795f7') in 0.010809 seconds 
========================================================================
Received Import Request.
  Time since last request: 251.366437 seconds.
  path: Assets/Materials/ImportedMaterial/you-won-web-button-editable-vector-illustration-isolated-white-background-you-won-123024664__1_-removebg-preview.png
  artifactKey: Guid(49a40b947bc89424ba2adb6ea099bde8) Importer(815301076,1909f56bfc062723c751e8b465ee728b)
Start importing Assets/Materials/ImportedMaterial/you-won-web-button-editable-vector-illustration-isolated-white-background-you-won-123024664__1_-removebg-preview.png using Guid(49a40b947bc89424ba2adb6ea099bde8) Importer(815301076,1909f56bfc062723c751e8b465ee728b)  -> (artifact id: '186826ca3455c540d99968ce1d7b5644') in 0.141894 seconds 
========================================================================
Received Import Request.
  Time since last request: 11.892076 seconds.
  path: Assets/Materials/ImportedMaterial/you-won-web-button-editable-vector-illustration-isolated-white-background-you-won-123024664__1_-removebg-preview.png
  artifactKey: Guid(49a40b947bc89424ba2adb6ea099bde8) Importer(815301076,1909f56bfc062723c751e8b465ee728b)
Start importing Assets/Materials/ImportedMaterial/you-won-web-button-editable-vector-illustration-isolated-white-background-you-won-123024664__1_-removebg-preview.png using Guid(49a40b947bc89424ba2adb6ea099bde8) Importer(815301076,1909f56bfc062723c751e8b465ee728b)  -> (artifact id: 'bdeec2b2d4b37d51f535031c3ec93e86') in 0.062345 seconds 
========================================================================
Received Import Request.
  Time since last request: 364.193019 seconds.
  path: Assets/Materials/ImportedMaterial/pngtree-watch-video-button-with-coins-and-ads-for-user-interface-png-image_2933969-removebg-preview.png
  artifactKey: Guid(5469f68a057c1df4cb40d47460a89aa9) Importer(815301076,1909f56bfc062723c751e8b465ee728b)
Start importing Assets/Materials/ImportedMaterial/pngtree-watch-video-button-with-coins-and-ads-for-user-interface-png-image_2933969-removebg-preview.png using Guid(5469f68a057c1df4cb40d47460a89aa9) Importer(815301076,1909f56bfc062723c751e8b465ee728b)  -> (artifact id: '8376697198bddeb9d4dd0d990d3fb972') in 0.080381 seconds 
========================================================================
Received Import Request.
  Time since last request: 7.207131 seconds.
  path: Assets/Materials/ImportedMaterial/pngtree-watch-video-button-with-coins-and-ads-for-user-interface-png-image_2933969-removebg-preview.png
  artifactKey: Guid(5469f68a057c1df4cb40d47460a89aa9) Importer(815301076,1909f56bfc062723c751e8b465ee728b)
Start importing Assets/Materials/ImportedMaterial/pngtree-watch-video-button-with-coins-and-ads-for-user-interface-png-image_2933969-removebg-preview.png using Guid(5469f68a057c1df4cb40d47460a89aa9) Importer(815301076,1909f56bfc062723c751e8b465ee728b)  -> (artifact id: 'b62599abaaaae0529e6e7cfcb066ba55') in 0.063104 seconds 
========================================================================
Received Import Request.
  Time since last request: 113.318403 seconds.
  path: Assets/Materials/ImportedMaterial/istockphoto-940993008-612x612.jpg
  artifactKey: Guid(79c8800868c4020438a0220e5e63999c) Importer(815301076,1909f56bfc062723c751e8b465ee728b)
Start importing Assets/Materials/ImportedMaterial/istockphoto-940993008-612x612.jpg using Guid(79c8800868c4020438a0220e5e63999c) Importer(815301076,1909f56bfc062723c751e8b465ee728b)  -> (artifact id: '0686f746012d44a06deaca22e972df21') in 0.069063 seconds 
========================================================================
Received Import Request.
  Time since last request: 20.166030 seconds.
  path: Assets/Materials/ImportedMaterial/istockphoto-940993008-612x612.jpg
  artifactKey: Guid(79c8800868c4020438a0220e5e63999c) Importer(815301076,1909f56bfc062723c751e8b465ee728b)
Start importing Assets/Materials/ImportedMaterial/istockphoto-940993008-612x612.jpg using Guid(79c8800868c4020438a0220e5e63999c) Importer(815301076,1909f56bfc062723c751e8b465ee728b)  -> (artifact id: 'bc1c4303d33706f5dec031ee8b7db6c8') in 0.064878 seconds 
========================================================================
Received Import Request.
  Time since last request: 119.763637 seconds.
  path: Assets/Scenes/GameScene.unity
  artifactKey: Guid(bd74515299fda2849924265bdda1a8a9) Importer(815301076,1909f56bfc062723c751e8b465ee728b)
Start importing Assets/Scenes/GameScene.unity using Guid(bd74515299fda2849924265bdda1a8a9) Importer(815301076,1909f56bfc062723c751e8b465ee728b)  -> (artifact id: '485d0cacfd43ad1ca779fc04321f3306') in 0.007588 seconds 
========================================================================
Received Import Request.
  Time since last request: 1.181615 seconds.
  path: Assets/Scenes/GameLevelScene.unity
  artifactKey: Guid(65832f19cf73fe44e869ba203942ec2f) Importer(815301076,1909f56bfc062723c751e8b465ee728b)
Start importing Assets/Scenes/GameLevelScene.unity using Guid(65832f19cf73fe44e869ba203942ec2f) Importer(815301076,1909f56bfc062723c751e8b465ee728b)  -> (artifact id: 'a0c56b8df6ab8abd46ed3ece47a0e93f') in 0.046526 seconds 
========================================================================
Received Import Request.
  Time since last request: 21.289018 seconds.
  path: Assets/Scenes/New Scene.unity
  artifactKey: Guid(b40c244bf4dc54b429cfd33d2e838bab) Importer(815301076,1909f56bfc062723c751e8b465ee728b)
Start importing Assets/Scenes/New Scene.unity using Guid(b40c244bf4dc54b429cfd33d2e838bab) Importer(815301076,1909f56bfc062723c751e8b465ee728b)  -> (artifact id: '5f7aaf8f9b0e80a10f641633f053d9dd') in 0.018558 seconds 
========================================================================
Received Import Request.
  Time since last request: 10.797942 seconds.
  path: Assets/Scenes/ClaimReward.unity
  artifactKey: Guid(b40c244bf4dc54b429cfd33d2e838bab) Importer(815301076,1909f56bfc062723c751e8b465ee728b)
Start importing Assets/Scenes/ClaimReward.unity using Guid(b40c244bf4dc54b429cfd33d2e838bab) Importer(815301076,1909f56bfc062723c751e8b465ee728b)  -> (artifact id: '0aa0b00d15206456f3a7f7fa9e382ac2') in 0.008087 seconds 
========================================================================
Received Import Request.
  Time since last request: 144.243539 seconds.
  path: Assets/Materials/ImportedMaterial/reward.jpg
  artifactKey: Guid(b948117af862a374e8f6044d61f9981d) Importer(815301076,1909f56bfc062723c751e8b465ee728b)
Start importing Assets/Materials/ImportedMaterial/reward.jpg using Guid(b948117af862a374e8f6044d61f9981d) Importer(815301076,1909f56bfc062723c751e8b465ee728b)  -> (artifact id: 'c327e02586ceb2747faad2b635e38ab1') in 0.116941 seconds 
========================================================================
Received Import Request.
  Time since last request: 19.007289 seconds.
  path: Assets/Materials/ImportedMaterial/reward.jpg
  artifactKey: Guid(b948117af862a374e8f6044d61f9981d) Importer(815301076,1909f56bfc062723c751e8b465ee728b)
Start importing Assets/Materials/ImportedMaterial/reward.jpg using Guid(b948117af862a374e8f6044d61f9981d) Importer(815301076,1909f56bfc062723c751e8b465ee728b)  -> (artifact id: 'b98bd9d9196b6d9f7c9be21677e4099d') in 0.088154 seconds 
========================================================================
Received Prepare
Registering precompiled user dll's ...
Registered in 0.012422 seconds.
Begin MonoManager ReloadAssembly
Native extension for WindowsStandalone target not found
Refreshing native plugins compatible for Editor in 0.81 ms, found 2 plugins.
Preloading 0 native plugins for Editor in 0.00 ms.
Mono: successfully reloaded assembly
- Completed reload, in  2.957 seconds
Domain Reload Profiling:
	ReloadAssembly (2961ms)
		BeginReloadAssembly (1344ms)
			ExecutionOrderSort (0ms)
			DisableScriptedObjects (443ms)
			BackupInstance (0ms)
			ReleaseScriptingObjects (0ms)
			CreateAndSetChildDomain (611ms)
		EndReloadAssembly (1469ms)
			LoadAssemblies (247ms)
			RebuildTransferFunctionScriptingTraits (0ms)
			SetupTypeCache (436ms)
			ReleaseScriptCaches (2ms)
			RebuildScriptCaches (55ms)
			SetupLoadedEditorAssemblies (571ms)
				LogAssemblyErrors (0ms)
				InitializePlatformSupportModulesInManaged (14ms)
				SetLoadedEditorAssemblies (1ms)
				RefreshPlugins (1ms)
				BeforeProcessingInitializeOnLoad (112ms)
				ProcessInitializeOnLoadAttributes (427ms)
				ProcessInitializeOnLoadMethodAttributes (6ms)
				AfterProcessingInitializeOnLoad (9ms)
				EditorAssembliesLoaded (1ms)
			ExecutionOrderSort2 (0ms)
			AwakeInstancesAfterBackupRestoration (24ms)
Platform modules already initialized, skipping
Switching build target platform(19) subTarget(0) extendedPlatform(0) -> platform(13) subTarget(537395200) extendedPlatform(0)
Refreshing native plugins compatible for Editor in 0.74 ms, found 2 plugins.
Preloading 0 native plugins for Editor in 0.00 ms.
Unloading 1463 Unused Serialized files (Serialized files now loaded: 0)
System memory in use before: 83.2 MB.
System memory in use after: 83.3 MB.

Unloading 13 unused Assets to reduce memory usage. Loaded Objects now: 2129.
Total: 4.739800 ms (FindLiveObjects: 0.213500 ms CreateObjectMapping: 0.095300 ms MarkObjects: 4.397200 ms  DeleteObjects: 0.031800 ms)

AssetImportParameters requested are different than current active one (requested -> active):
  custom:framework-win-MediaFoundation: 216162199b28c13a410421893ffa2e32 -> 
  custom:video-decoder-ogg-theora: a1e56fd34408186e4bbccfd4996cb3dc -> 
  custom:container-muxer-webm: aa71ff27fc2769a1b78a27578f13a17b -> 
  custom:container-demuxer-webm: 4f35f7cbe854078d1ac9338744f61a02 -> 
  custom:container-demuxer-ogg: 62fdf1f143b41e24485cea50d1cbac27 -> 
  custom:video-encoder-webm-vp8: eb34c28f22e8b96e1ab97ce403110664 -> 
  custom:video-decoder-webm-vp8: 9c59270c3fd7afecdb556c50c9e8de78 -> 
  custom:graphics/normal-map-encoding: 01000000000000000000000000000000 -> 02000000000000000000000000000000
  custom:audio-decoder-ogg-vorbis: bf7c407c2cedff20999df2af8eb42d56 -> 
  custom:audio-encoder-webm-vorbis: bf7c407c2cedff20999df2af8eb42d56 -> 
========================================================================
Received Import Request.
  Time since last request: 303.537781 seconds.
  path: Assets/Sprite/2D/UI/GUI/mph.png
  artifactKey: Guid(b0ed7f8baba014af29e553acfbc8ca4e) Importer(815301076,1909f56bfc062723c751e8b465ee728b)
Start importing Assets/Sprite/2D/UI/GUI/mph.png using Guid(b0ed7f8baba014af29e553acfbc8ca4e) Importer(815301076,1909f56bfc062723c751e8b465ee728b)  -> (artifact id: '490969b565462b7915da4d82c31b82df') in 0.085368 seconds 
========================================================================
Received Import Request.
  Time since last request: 0.000345 seconds.
  path: Assets/Sprite/2D/UI/GUI/start.png
  artifactKey: Guid(8bb2e4caf37223b479d24476be0a2f15) Importer(815301076,1909f56bfc062723c751e8b465ee728b)
Start importing Assets/Sprite/2D/UI/GUI/start.png using Guid(8bb2e4caf37223b479d24476be0a2f15) Importer(815301076,1909f56bfc062723c751e8b465ee728b)  -> (artifact id: '70a9106806083d03c27b8c8454366d2d') in 0.027316 seconds 
========================================================================
Received Import Request.
  Time since last request: 6.159861 seconds.
  path: Assets/Scripts/GUIScripts/Loading.cs
  artifactKey: Guid(f97ad26dfaf4246829b8460f633e463e) Importer(815301076,1909f56bfc062723c751e8b465ee728b)
Start importing Assets/Scripts/GUIScripts/Loading.cs using Guid(f97ad26dfaf4246829b8460f633e463e) Importer(815301076,1909f56bfc062723c751e8b465ee728b)  -> (artifact id: '79f0e4858d656f22229d77e1c509abef') in 0.012892 seconds 
========================================================================
Received Import Request.
  Time since last request: 7.547405 seconds.
  path: Assets/Scripts/GUIScripts/LoadingTheScene.cs
  artifactKey: Guid(e38a6b4e4fa314657a2a14de8b67bbd3) Importer(815301076,1909f56bfc062723c751e8b465ee728b)
Start importing Assets/Scripts/GUIScripts/LoadingTheScene.cs using Guid(e38a6b4e4fa314657a2a14de8b67bbd3) Importer(815301076,1909f56bfc062723c751e8b465ee728b)  -> (artifact id: '39929365db3dfbb5607209f7d1f59251') in 0.012957 seconds 
========================================================================
Received Import Request.
  Time since last request: 5.006694 seconds.
  path: Assets/Scripts/GUIScripts/LoadPref.cs
  artifactKey: Guid(472411ff4cb744be5b59f0e1d345413f) Importer(815301076,1909f56bfc062723c751e8b465ee728b)
Start importing Assets/Scripts/GUIScripts/LoadPref.cs using Guid(472411ff4cb744be5b59f0e1d345413f) Importer(815301076,1909f56bfc062723c751e8b465ee728b)  -> (artifact id: 'e7132af97821f74633bb7e7390ccae7e') in 0.003870 seconds 
========================================================================
Received Import Request.
  Time since last request: 227.710927 seconds.
  path: Assets/Scenes/GameScene.unity
  artifactKey: Guid(bd74515299fda2849924265bdda1a8a9) Importer(815301076,1909f56bfc062723c751e8b465ee728b)
Start importing Assets/Scenes/GameScene.unity using Guid(bd74515299fda2849924265bdda1a8a9) Importer(815301076,1909f56bfc062723c751e8b465ee728b)  -> (artifact id: '9a52f855bc02087ce7af8651a0bdce4b') in 0.006665 seconds 
========================================================================
Received Prepare
Registering precompiled user dll's ...
Registered in 0.010966 seconds.
Begin MonoManager ReloadAssembly
Native extension for WindowsStandalone target not found
Refreshing native plugins compatible for Editor in 0.45 ms, found 2 plugins.
Preloading 0 native plugins for Editor in 0.00 ms.
Mono: successfully reloaded assembly
- Completed reload, in  1.427 seconds
Domain Reload Profiling:
	ReloadAssembly (1428ms)
		BeginReloadAssembly (168ms)
			ExecutionOrderSort (0ms)
			DisableScriptedObjects (9ms)
			BackupInstance (0ms)
			ReleaseScriptingObjects (0ms)
			CreateAndSetChildDomain (43ms)
		EndReloadAssembly (1167ms)
			LoadAssemblies (130ms)
			RebuildTransferFunctionScriptingTraits (0ms)
			SetupTypeCache (384ms)
			ReleaseScriptCaches (1ms)
			RebuildScriptCaches (49ms)
			SetupLoadedEditorAssemblies (453ms)
				LogAssemblyErrors (0ms)
				InitializePlatformSupportModulesInManaged (6ms)
				SetLoadedEditorAssemblies (1ms)
				RefreshPlugins (1ms)
				BeforeProcessingInitializeOnLoad (56ms)
				ProcessInitializeOnLoadAttributes (375ms)
				ProcessInitializeOnLoadMethodAttributes (5ms)
				AfterProcessingInitializeOnLoad (9ms)
				EditorAssembliesLoaded (0ms)
			ExecutionOrderSort2 (0ms)
			AwakeInstancesAfterBackupRestoration (19ms)
Platform modules already initialized, skipping
Switching build target platform(19) subTarget(0) extendedPlatform(0) -> platform(13) subTarget(537395200) extendedPlatform(0)
Refreshing native plugins compatible for Editor in 0.41 ms, found 2 plugins.
Preloading 0 native plugins for Editor in 0.00 ms.
Unloading 1459 Unused Serialized files (Serialized files now loaded: 0)
System memory in use before: 84.4 MB.
System memory in use after: 84.5 MB.

Unloading 13 unused Assets to reduce memory usage. Loaded Objects now: 2165.
Total: 4.621000 ms (FindLiveObjects: 0.213500 ms CreateObjectMapping: 0.078900 ms MarkObjects: 4.294400 ms  DeleteObjects: 0.032900 ms)

AssetImportParameters requested are different than current active one (requested -> active):
  custom:framework-win-MediaFoundation: 216162199b28c13a410421893ffa2e32 -> 
  custom:video-decoder-ogg-theora: a1e56fd34408186e4bbccfd4996cb3dc -> 
  custom:container-muxer-webm: aa71ff27fc2769a1b78a27578f13a17b -> 
  custom:container-demuxer-webm: 4f35f7cbe854078d1ac9338744f61a02 -> 
  custom:container-demuxer-ogg: 62fdf1f143b41e24485cea50d1cbac27 -> 
  custom:video-encoder-webm-vp8: eb34c28f22e8b96e1ab97ce403110664 -> 
  custom:video-decoder-webm-vp8: 9c59270c3fd7afecdb556c50c9e8de78 -> 
  custom:graphics/normal-map-encoding: 01000000000000000000000000000000 -> 02000000000000000000000000000000
  custom:audio-decoder-ogg-vorbis: bf7c407c2cedff20999df2af8eb42d56 -> 
  custom:audio-encoder-webm-vorbis: bf7c407c2cedff20999df2af8eb42d56 -> 
========================================================================
Received Import Request.
  Time since last request: 11.141999 seconds.
  path: Assets/Scenes/Tutorial.unity
  artifactKey: Guid(bbfbcd1cb80994e558cf8421c154612e) Importer(815301076,1909f56bfc062723c751e8b465ee728b)
Start importing Assets/Scenes/Tutorial.unity using Guid(bbfbcd1cb80994e558cf8421c154612e) Importer(815301076,1909f56bfc062723c751e8b465ee728b)  -> (artifact id: 'c0f52da78767b5844f88b332aa0a78ad') in 0.026166 seconds 
========================================================================
Received Prepare
Registering precompiled user dll's ...
Registered in 0.014052 seconds.
Begin MonoManager ReloadAssembly
Native extension for WindowsStandalone target not found
Refreshing native plugins compatible for Editor in 0.80 ms, found 2 plugins.
Preloading 0 native plugins for Editor in 0.00 ms.
Mono: successfully reloaded assembly
- Completed reload, in  2.764 seconds
Domain Reload Profiling:
	ReloadAssembly (2765ms)
		BeginReloadAssembly (378ms)
			ExecutionOrderSort (0ms)
			DisableScriptedObjects (17ms)
			BackupInstance (0ms)
			ReleaseScriptingObjects (0ms)
			CreateAndSetChildDomain (134ms)
		EndReloadAssembly (2237ms)
			LoadAssemblies (266ms)
			RebuildTransferFunctionScriptingTraits (0ms)
			SetupTypeCache (723ms)
			ReleaseScriptCaches (2ms)
			RebuildScriptCaches (113ms)
			SetupLoadedEditorAssemblies (819ms)
				LogAssemblyErrors (0ms)
				InitializePlatformSupportModulesInManaged (12ms)
				SetLoadedEditorAssemblies (1ms)
				RefreshPlugins (1ms)
				BeforeProcessingInitializeOnLoad (109ms)
				ProcessInitializeOnLoadAttributes (671ms)
				ProcessInitializeOnLoadMethodAttributes (11ms)
				AfterProcessingInitializeOnLoad (14ms)
				EditorAssembliesLoaded (1ms)
			ExecutionOrderSort2 (0ms)
			AwakeInstancesAfterBackupRestoration (34ms)
Platform modules already initialized, skipping
Switching build target platform(19) subTarget(0) extendedPlatform(0) -> platform(13) subTarget(537395200) extendedPlatform(0)
Refreshing native plugins compatible for Editor in 1.07 ms, found 2 plugins.
Preloading 0 native plugins for Editor in 0.00 ms.
Unloading 1457 Unused Serialized files (Serialized files now loaded: 0)
System memory in use before: 84.3 MB.
System memory in use after: 84.4 MB.

Unloading 13 unused Assets to reduce memory usage. Loaded Objects now: 2168.
Total: 7.870200 ms (FindLiveObjects: 0.821500 ms CreateObjectMapping: 0.168100 ms MarkObjects: 6.834000 ms  DeleteObjects: 0.044400 ms)

AssetImportParameters requested are different than current active one (requested -> active):
  custom:framework-win-MediaFoundation: 216162199b28c13a410421893ffa2e32 -> 
  custom:video-decoder-ogg-theora: a1e56fd34408186e4bbccfd4996cb3dc -> 
  custom:container-muxer-webm: aa71ff27fc2769a1b78a27578f13a17b -> 
  custom:container-demuxer-webm: 4f35f7cbe854078d1ac9338744f61a02 -> 
  custom:container-demuxer-ogg: 62fdf1f143b41e24485cea50d1cbac27 -> 
  custom:video-encoder-webm-vp8: eb34c28f22e8b96e1ab97ce403110664 -> 
  custom:video-decoder-webm-vp8: 9c59270c3fd7afecdb556c50c9e8de78 -> 
  custom:graphics/normal-map-encoding: 01000000000000000000000000000000 -> 02000000000000000000000000000000
  custom:audio-decoder-ogg-vorbis: bf7c407c2cedff20999df2af8eb42d56 -> 
  custom:audio-encoder-webm-vorbis: bf7c407c2cedff20999df2af8eb42d56 -> 
========================================================================
Received Prepare
Registering precompiled user dll's ...
Registered in 0.006908 seconds.
Begin MonoManager ReloadAssembly
Native extension for WindowsStandalone target not found
Refreshing native plugins compatible for Editor in 0.54 ms, found 2 plugins.
Preloading 0 native plugins for Editor in 0.00 ms.
Mono: successfully reloaded assembly
- Completed reload, in  1.454 seconds
Domain Reload Profiling:
	ReloadAssembly (1455ms)
		BeginReloadAssembly (163ms)
			ExecutionOrderSort (0ms)
			DisableScriptedObjects (9ms)
			BackupInstance (0ms)
			ReleaseScriptingObjects (0ms)
			CreateAndSetChildDomain (47ms)
		EndReloadAssembly (1203ms)
			LoadAssemblies (124ms)
			RebuildTransferFunctionScriptingTraits (0ms)
			SetupTypeCache (355ms)
			ReleaseScriptCaches (1ms)
			RebuildScriptCaches (51ms)
			SetupLoadedEditorAssemblies (456ms)
				LogAssemblyErrors (0ms)
				InitializePlatformSupportModulesInManaged (6ms)
				SetLoadedEditorAssemblies (1ms)
				RefreshPlugins (1ms)
				BeforeProcessingInitializeOnLoad (57ms)
				ProcessInitializeOnLoadAttributes (375ms)
				ProcessInitializeOnLoadMethodAttributes (6ms)
				AfterProcessingInitializeOnLoad (10ms)
				EditorAssembliesLoaded (0ms)
			ExecutionOrderSort2 (0ms)
			AwakeInstancesAfterBackupRestoration (25ms)
Platform modules already initialized, skipping
Switching build target platform(19) subTarget(0) extendedPlatform(0) -> platform(13) subTarget(537395200) extendedPlatform(0)
Refreshing native plugins compatible for Editor in 0.53 ms, found 2 plugins.
Preloading 0 native plugins for Editor in 0.00 ms.
Unloading 1457 Unused Serialized files (Serialized files now loaded: 0)
System memory in use before: 84.3 MB.
System memory in use after: 84.4 MB.

Unloading 13 unused Assets to reduce memory usage. Loaded Objects now: 2171.
Total: 3.972600 ms (FindLiveObjects: 0.189500 ms CreateObjectMapping: 0.072600 ms MarkObjects: 3.689300 ms  DeleteObjects: 0.019800 ms)

AssetImportParameters requested are different than current active one (requested -> active):
  custom:framework-win-MediaFoundation: 216162199b28c13a410421893ffa2e32 -> 
  custom:video-decoder-ogg-theora: a1e56fd34408186e4bbccfd4996cb3dc -> 
  custom:container-muxer-webm: aa71ff27fc2769a1b78a27578f13a17b -> 
  custom:container-demuxer-webm: 4f35f7cbe854078d1ac9338744f61a02 -> 
  custom:container-demuxer-ogg: 62fdf1f143b41e24485cea50d1cbac27 -> 
  custom:video-encoder-webm-vp8: eb34c28f22e8b96e1ab97ce403110664 -> 
  custom:video-decoder-webm-vp8: 9c59270c3fd7afecdb556c50c9e8de78 -> 
  custom:graphics/normal-map-encoding: 01000000000000000000000000000000 -> 02000000000000000000000000000000
  custom:audio-decoder-ogg-vorbis: bf7c407c2cedff20999df2af8eb42d56 -> 
  custom:audio-encoder-webm-vorbis: bf7c407c2cedff20999df2af8eb42d56 -> 
========================================================================
Received Import Request.
  Time since last request: 129.223351 seconds.
  path: Assets/Scenes/Loading.unity
  artifactKey: Guid(152309f5995a54519a2ea334707863d9) Importer(815301076,1909f56bfc062723c751e8b465ee728b)
Start importing Assets/Scenes/Loading.unity using Guid(152309f5995a54519a2ea334707863d9) Importer(815301076,1909f56bfc062723c751e8b465ee728b)  -> (artifact id: 'd5a12410652e96c4578333ef0fa250b7') in 0.039743 seconds 
========================================================================
Received Import Request.
  Time since last request: 9.909218 seconds.
  path: Assets/Scenes/InfroScene.unity
  artifactKey: Guid(5274b99beab7a4161bab4afea7697ef7) Importer(815301076,1909f56bfc062723c751e8b465ee728b)
Start importing Assets/Scenes/InfroScene.unity using Guid(5274b99beab7a4161bab4afea7697ef7) Importer(815301076,1909f56bfc062723c751e8b465ee728b)  -> (artifact id: 'abe0a1364ea5a8580aadd7166d32474e') in 0.047974 seconds 
========================================================================
Received Import Request.
  Time since last request: 20.640554 seconds.
  path: Assets/Scenes/ClaimReward.unity
  artifactKey: Guid(b40c244bf4dc54b429cfd33d2e838bab) Importer(815301076,1909f56bfc062723c751e8b465ee728b)
Start importing Assets/Scenes/ClaimReward.unity using Guid(b40c244bf4dc54b429cfd33d2e838bab) Importer(815301076,1909f56bfc062723c751e8b465ee728b)  -> (artifact id: 'c69a56dda6c73f5f59efd116db27ec77') in 0.006378 seconds 
========================================================================
Received Prepare
Registering precompiled user dll's ...
Registered in 0.012693 seconds.
Begin MonoManager ReloadAssembly
Native extension for WindowsStandalone target not found
Refreshing native plugins compatible for Editor in 0.45 ms, found 2 plugins.
Preloading 0 native plugins for Editor in 0.00 ms.
Mono: successfully reloaded assembly
- Completed reload, in  1.437 seconds
Domain Reload Profiling:
	ReloadAssembly (1437ms)
		BeginReloadAssembly (200ms)
			ExecutionOrderSort (0ms)
			DisableScriptedObjects (9ms)
			BackupInstance (0ms)
			ReleaseScriptingObjects (0ms)
			CreateAndSetChildDomain (54ms)
		EndReloadAssembly (1154ms)
			LoadAssemblies (152ms)
			RebuildTransferFunctionScriptingTraits (0ms)
			SetupTypeCache (361ms)
			ReleaseScriptCaches (1ms)
			RebuildScriptCaches (49ms)
			SetupLoadedEditorAssemblies (448ms)
				LogAssemblyErrors (0ms)
				InitializePlatformSupportModulesInManaged (6ms)
				SetLoadedEditorAssemblies (1ms)
				RefreshPlugins (1ms)
				BeforeProcessingInitializeOnLoad (57ms)
				ProcessInitializeOnLoadAttributes (371ms)
				ProcessInitializeOnLoadMethodAttributes (5ms)
				AfterProcessingInitializeOnLoad (9ms)
				EditorAssembliesLoaded (0ms)
			ExecutionOrderSort2 (0ms)
			AwakeInstancesAfterBackupRestoration (17ms)
Platform modules already initialized, skipping
Switching build target platform(19) subTarget(0) extendedPlatform(0) -> platform(13) subTarget(537395200) extendedPlatform(0)
Refreshing native plugins compatible for Editor in 0.45 ms, found 2 plugins.
Preloading 0 native plugins for Editor in 0.00 ms.
Unloading 1457 Unused Serialized files (Serialized files now loaded: 0)
System memory in use before: 84.4 MB.
System memory in use after: 84.5 MB.

Unloading 13 unused Assets to reduce memory usage. Loaded Objects now: 2174.
Total: 4.318500 ms (FindLiveObjects: 0.238900 ms CreateObjectMapping: 0.130100 ms MarkObjects: 3.916600 ms  DeleteObjects: 0.031600 ms)

AssetImportParameters requested are different than current active one (requested -> active):
  custom:framework-win-MediaFoundation: 216162199b28c13a410421893ffa2e32 -> 
  custom:video-decoder-ogg-theora: a1e56fd34408186e4bbccfd4996cb3dc -> 
  custom:container-muxer-webm: aa71ff27fc2769a1b78a27578f13a17b -> 
  custom:container-demuxer-webm: 4f35f7cbe854078d1ac9338744f61a02 -> 
  custom:container-demuxer-ogg: 62fdf1f143b41e24485cea50d1cbac27 -> 
  custom:video-encoder-webm-vp8: eb34c28f22e8b96e1ab97ce403110664 -> 
  custom:video-decoder-webm-vp8: 9c59270c3fd7afecdb556c50c9e8de78 -> 
  custom:graphics/normal-map-encoding: 01000000000000000000000000000000 -> 02000000000000000000000000000000
  custom:audio-decoder-ogg-vorbis: bf7c407c2cedff20999df2af8eb42d56 -> 
  custom:audio-encoder-webm-vorbis: bf7c407c2cedff20999df2af8eb42d56 -> 
========================================================================
Received Prepare
Registering precompiled user dll's ...
Registered in 0.008086 seconds.
Begin MonoManager ReloadAssembly
Native extension for WindowsStandalone target not found
Refreshing native plugins compatible for Editor in 1.30 ms, found 2 plugins.
Preloading 0 native plugins for Editor in 0.00 ms.
Mono: successfully reloaded assembly
- Completed reload, in  1.583 seconds
Domain Reload Profiling:
	ReloadAssembly (1583ms)
		BeginReloadAssembly (228ms)
			ExecutionOrderSort (0ms)
			DisableScriptedObjects (12ms)
			BackupInstance (0ms)
			ReleaseScriptingObjects (0ms)
			CreateAndSetChildDomain (56ms)
		EndReloadAssembly (1263ms)
			LoadAssemblies (189ms)
			RebuildTransferFunctionScriptingTraits (0ms)
			SetupTypeCache (410ms)
			ReleaseScriptCaches (1ms)
			RebuildScriptCaches (52ms)
			SetupLoadedEditorAssemblies (453ms)
				LogAssemblyErrors (0ms)
				InitializePlatformSupportModulesInManaged (6ms)
				SetLoadedEditorAssemblies (1ms)
				RefreshPlugins (1ms)
				BeforeProcessingInitializeOnLoad (59ms)
				ProcessInitializeOnLoadAttributes (370ms)
				ProcessInitializeOnLoadMethodAttributes (7ms)
				AfterProcessingInitializeOnLoad (9ms)
				EditorAssembliesLoaded (0ms)
			ExecutionOrderSort2 (0ms)
			AwakeInstancesAfterBackupRestoration (18ms)
Platform modules already initialized, skipping
Switching build target platform(19) subTarget(0) extendedPlatform(0) -> platform(13) subTarget(537395200) extendedPlatform(0)
Refreshing native plugins compatible for Editor in 0.42 ms, found 2 plugins.
Preloading 0 native plugins for Editor in 0.00 ms.
Unloading 1457 Unused Serialized files (Serialized files now loaded: 0)
System memory in use before: 84.4 MB.
System memory in use after: 84.5 MB.

Unloading 13 unused Assets to reduce memory usage. Loaded Objects now: 2177.
Total: 4.677300 ms (FindLiveObjects: 0.284400 ms CreateObjectMapping: 0.081700 ms MarkObjects: 4.282400 ms  DeleteObjects: 0.027400 ms)

AssetImportParameters requested are different than current active one (requested -> active):
  custom:framework-win-MediaFoundation: 216162199b28c13a410421893ffa2e32 -> 
  custom:video-decoder-ogg-theora: a1e56fd34408186e4bbccfd4996cb3dc -> 
  custom:container-muxer-webm: aa71ff27fc2769a1b78a27578f13a17b -> 
  custom:container-demuxer-webm: 4f35f7cbe854078d1ac9338744f61a02 -> 
  custom:container-demuxer-ogg: 62fdf1f143b41e24485cea50d1cbac27 -> 
  custom:video-encoder-webm-vp8: eb34c28f22e8b96e1ab97ce403110664 -> 
  custom:video-decoder-webm-vp8: 9c59270c3fd7afecdb556c50c9e8de78 -> 
  custom:graphics/normal-map-encoding: 01000000000000000000000000000000 -> 02000000000000000000000000000000
  custom:audio-decoder-ogg-vorbis: bf7c407c2cedff20999df2af8eb42d56 -> 
  custom:audio-encoder-webm-vorbis: bf7c407c2cedff20999df2af8eb42d56 -> 
========================================================================
Received Import Request.
  Time since last request: 99.417742 seconds.
  path: Assets/Scenes/ClaimReward.unity
  artifactKey: Guid(b40c244bf4dc54b429cfd33d2e838bab) Importer(815301076,1909f56bfc062723c751e8b465ee728b)
Start importing Assets/Scenes/ClaimReward.unity using Guid(b40c244bf4dc54b429cfd33d2e838bab) Importer(815301076,1909f56bfc062723c751e8b465ee728b)  -> (artifact id: '44e2bca4b670850687f757eb9a202c94') in 0.021616 seconds 
========================================================================
Received Prepare
Registering precompiled user dll's ...
Registered in 0.009721 seconds.
Begin MonoManager ReloadAssembly
Native extension for WindowsStandalone target not found
Refreshing native plugins compatible for Editor in 1.41 ms, found 2 plugins.
Preloading 0 native plugins for Editor in 0.00 ms.
Mono: successfully reloaded assembly
- Completed reload, in  9.145 seconds
Domain Reload Profiling:
	ReloadAssembly (9146ms)
		BeginReloadAssembly (774ms)
			ExecutionOrderSort (0ms)
			DisableScriptedObjects (14ms)
			BackupInstance (0ms)
			ReleaseScriptingObjects (0ms)
			CreateAndSetChildDomain (289ms)
		EndReloadAssembly (7721ms)
			LoadAssemblies (814ms)
			RebuildTransferFunctionScriptingTraits (0ms)
			SetupTypeCache (2357ms)
			ReleaseScriptCaches (6ms)
			RebuildScriptCaches (162ms)
			SetupLoadedEditorAssemblies (3115ms)
				LogAssemblyErrors (0ms)
				InitializePlatformSupportModulesInManaged (60ms)
				SetLoadedEditorAssemblies (5ms)
				RefreshPlugins (2ms)
				BeforeProcessingInitializeOnLoad (402ms)
				ProcessInitializeOnLoadAttributes (2543ms)
				ProcessInitializeOnLoadMethodAttributes (28ms)
				AfterProcessingInitializeOnLoad (68ms)
				EditorAssembliesLoaded (6ms)
			ExecutionOrderSort2 (0ms)
			AwakeInstancesAfterBackupRestoration (109ms)
Platform modules already initialized, skipping
Switching build target platform(19) subTarget(0) extendedPlatform(0) -> platform(13) subTarget(537395200) extendedPlatform(0)
Refreshing native plugins compatible for Editor in 1.76 ms, found 2 plugins.
Preloading 0 native plugins for Editor in 0.00 ms.
Unloading 1457 Unused Serialized files (Serialized files now loaded: 0)
System memory in use before: 84.4 MB.
System memory in use after: 84.5 MB.

Unloading 13 unused Assets to reduce memory usage. Loaded Objects now: 2180.
Total: 13.496400 ms (FindLiveObjects: 0.596400 ms CreateObjectMapping: 0.783500 ms MarkObjects: 12.076300 ms  DeleteObjects: 0.037600 ms)

AssetImportParameters requested are different than current active one (requested -> active):
  custom:framework-win-MediaFoundation: 216162199b28c13a410421893ffa2e32 -> 
  custom:video-decoder-ogg-theora: a1e56fd34408186e4bbccfd4996cb3dc -> 
  custom:container-muxer-webm: aa71ff27fc2769a1b78a27578f13a17b -> 
  custom:container-demuxer-webm: 4f35f7cbe854078d1ac9338744f61a02 -> 
  custom:container-demuxer-ogg: 62fdf1f143b41e24485cea50d1cbac27 -> 
  custom:video-encoder-webm-vp8: eb34c28f22e8b96e1ab97ce403110664 -> 
  custom:video-decoder-webm-vp8: 9c59270c3fd7afecdb556c50c9e8de78 -> 
  custom:graphics/normal-map-encoding: 01000000000000000000000000000000 -> 02000000000000000000000000000000
  custom:audio-decoder-ogg-vorbis: bf7c407c2cedff20999df2af8eb42d56 -> 
  custom:audio-encoder-webm-vorbis: bf7c407c2cedff20999df2af8eb42d56 -> 
========================================================================
Received Prepare
Registering precompiled user dll's ...
Registered in 0.036702 seconds.
Begin MonoManager ReloadAssembly
Native extension for WindowsStandalone target not found
Refreshing native plugins compatible for Editor in 1.02 ms, found 2 plugins.
Preloading 0 native plugins for Editor in 0.00 ms.
Mono: successfully reloaded assembly
- Completed reload, in  7.950 seconds
Domain Reload Profiling:
	ReloadAssembly (7951ms)
		BeginReloadAssembly (798ms)
			ExecutionOrderSort (0ms)
			DisableScriptedObjects (59ms)
			BackupInstance (0ms)
			ReleaseScriptingObjects (0ms)
			CreateAndSetChildDomain (286ms)
		EndReloadAssembly (6834ms)
			LoadAssemblies (656ms)
			RebuildTransferFunctionScriptingTraits (1ms)
			SetupTypeCache (1960ms)
			ReleaseScriptCaches (5ms)
			RebuildScriptCaches (258ms)
			SetupLoadedEditorAssemblies (2359ms)
				LogAssemblyErrors (0ms)
				InitializePlatformSupportModulesInManaged (42ms)
				SetLoadedEditorAssemblies (3ms)
				RefreshPlugins (1ms)
				BeforeProcessingInitializeOnLoad (250ms)
				ProcessInitializeOnLoadAttributes (1933ms)
				ProcessInitializeOnLoadMethodAttributes (54ms)
				AfterProcessingInitializeOnLoad (68ms)
				EditorAssembliesLoaded (7ms)
			ExecutionOrderSort2 (0ms)
			AwakeInstancesAfterBackupRestoration (137ms)
Platform modules already initialized, skipping
Switching build target platform(19) subTarget(0) extendedPlatform(0) -> platform(13) subTarget(537395200) extendedPlatform(0)
Refreshing native plugins compatible for Editor in 1.39 ms, found 2 plugins.
Preloading 0 native plugins for Editor in 0.00 ms.
Unloading 1457 Unused Serialized files (Serialized files now loaded: 0)
System memory in use before: 84.4 MB.
System memory in use after: 84.5 MB.

Unloading 13 unused Assets to reduce memory usage. Loaded Objects now: 2183.
Total: 23.213600 ms (FindLiveObjects: 0.403200 ms CreateObjectMapping: 0.133900 ms MarkObjects: 22.601800 ms  DeleteObjects: 0.071700 ms)

AssetImportParameters requested are different than current active one (requested -> active):
  custom:framework-win-MediaFoundation: 216162199b28c13a410421893ffa2e32 -> 
  custom:video-decoder-ogg-theora: a1e56fd34408186e4bbccfd4996cb3dc -> 
  custom:container-muxer-webm: aa71ff27fc2769a1b78a27578f13a17b -> 
  custom:container-demuxer-webm: 4f35f7cbe854078d1ac9338744f61a02 -> 
  custom:container-demuxer-ogg: 62fdf1f143b41e24485cea50d1cbac27 -> 
  custom:video-encoder-webm-vp8: eb34c28f22e8b96e1ab97ce403110664 -> 
  custom:video-decoder-webm-vp8: 9c59270c3fd7afecdb556c50c9e8de78 -> 
  custom:graphics/normal-map-encoding: 01000000000000000000000000000000 -> 02000000000000000000000000000000
  custom:audio-decoder-ogg-vorbis: bf7c407c2cedff20999df2af8eb42d56 -> 
  custom:audio-encoder-webm-vorbis: bf7c407c2cedff20999df2af8eb42d56 -> 
AssetImportWorkerClient::OnTransportError - code=2 error=End of file
